<?xml version="1.0" encoding="UTF-8"?>
<!-- Generated by org.testng.reporters.JUnitReportReporter -->
<testsuite skipped="0" hostname="LAPTOP-L68HVBLL" name="tests.selenium.TC003_CreateIncidentUsingRestAndVerifyUsingSelenium" tests="1" failures="0" timestamp="2021-06-06T11:59:16 IST" time="57.719" errors="0">
  <testcase name="createIncident" time="57.719" classname="tests.selenium.TC003_CreateIncidentUsingRestAndVerifyUsingSelenium"/>
  <system-out/>
</testsuite> <!-- tests.selenium.TC003_CreateIncidentUsingRestAndVerifyUsingSelenium -->
