<?xml version="1.0" encoding="UTF-8"?>
<!-- Generated by org.testng.reporters.JUnitReportReporter -->
<testsuite skipped="0" hostname="LAPTOP-L68HVBLL" name="tests.selenium.TC002_CreateIncidentAndGetFromRest" tests="1" failures="0" timestamp="2021-06-06T11:59:16 IST" time="52.269" errors="0">
  <testcase name="createIncident" time="52.269" classname="tests.selenium.TC002_CreateIncidentAndGetFromRest"/>
  <system-out/>
</testsuite> <!-- tests.selenium.TC002_CreateIncidentAndGetFromRest -->
