<?xml version="1.0" encoding="UTF-8"?>
<!-- Generated by org.testng.reporters.JUnitReportReporter -->
<testsuite skipped="0" hostname="LAPTOP-L68HVBLL" name="tests.selenium.TC001_CreateIncident" tests="1" failures="0" timestamp="2021-06-06T11:59:16 IST" time="57.533" errors="0">
  <testcase name="createIncident" time="57.533" classname="tests.selenium.TC001_CreateIncident"/>
  <system-out/>
</testsuite> <!-- tests.selenium.TC001_CreateIncident -->
